
	
	
  <!doctype html>
  <html><head>
    <meta http-equiv="X-UA-Compatible" content="IE=9; IE=8; IE=7; IE=EDGE" />
    <meta charset="utf-8" />
    <title>Gauge Test Results</title>
    <link rel="shortcut icon" type="image/x-icon" href="../images/favicon.ico">
    <link rel="stylesheet" type="text/css" href="../css/open-sans.css">
    <link rel="stylesheet" type="text/css" href="../css/font-awesome.css">
    <link rel="stylesheet" type="text/css" href="../css/normalize.css" />
    <link rel="stylesheet" type="text/css" href="../css/style.css" />
  </head>
  <body>
  <header class="top">
    <div class="header">
      <div class="container">
        <div class="logo">
          <a href=".."><img src="../images/gaugeLogo.png" alt="Report logo"></a>
        </div>
        <h2 class="project">Project: demoqa-form-test</h2>
      </div>
    </div>
  </header>
  <main class="main-container">
  <div class="container">

	
  <div class="report-overview">
   
  <div class="report_chart">
    <div class="chart">
      <svg id="pie-chart" data-results="1,0,0" data-total="1">
        <path class="status failed" />
        <path class="shadow failed" data-status="failed"><title>Failed: 1/1</title></path>
        <path class="status passed" />
        <path class="shadow passed" data-status="passed"><title>Passed: 0/1</title></path>
        <path class="status skipped" />
        <path class="shadow skipped" data-status="skipped"><title>Skipped: 0/1</title></path>
      </svg>
    </div>
  </div>

   
  <div class="report_test-results">
    <div class="report_test-result specs">
        <div class="total-specs" title="Filter all specs"><span class="txt">Total specs</span><span class="value">1</span></div>
        <div class="fail spec-filter" data-status="failed" title="Filter failed specs"><span class="value">1</span></div>
        <div class="pass spec-filter" data-status="passed" title="Filter passed specs"><span class="value">0</span></div>
        <div class="skip spec-filter" data-status="skipped" title="Filter skipped specs"><span class="value">0</span></div>
    </div>
    <div class="report_test-result scenarios">
        <div class="total-scenarios"><span class="txt">Total scenario</span><span class="value">1</span></div>
        <div class="fail scenario-stats" data-status="failed"><span class="value">1</span></div>
        <div class="pass scenario-stats" data-status="passed"><span class="value">0</span></div>
        <div class="skip scenario-stats" data-status="skipped"><span class="value">0</span></div>
    </div>
  </div>

    <div class="report_details">
      
  <ul>
    <li>
      <label>Environment </label>
      <span>default</span>
    </li>
    
    <li>
      <label>Success Rate </label>
      <span>0%</span>
    </li>
    <li>
      <label>Total Time </label>
      <span>00:00:10</span>
    </li>
    <li>
      <label>Generated On </label>
      <span>Jul 9, 2025 at 3:19pm</span>
    </li>
  </ul>

      
  

      
  
  


    </div>
  </div>


	

	

	
		<div class="specifications">
		
  
    <aside class="sidebar">
      <h3 class="title">Specifications</h3>
      <div class="searchbar">
        <input id="searchSpecifications" placeholder="Type specification or tag name" type="text" />
        <i class="fa fa-search"></i>
      </div>
      <div class="specs-sorting">
        <div class="sort sort-specs-name" data-sort-by="specs-name"><span class="sort-icons"><i class="fa fa-caret-up"></i><i class="fa fa-caret-down"></i></span><span>Name</span></div>
        <div class="sort sort-execution-time" data-sort-by="execution-time"><span class="sort-icons"><i class="fa fa-caret-up"></i><i class="fa fa-caret-down"></i></span><span>Execution time</span></div>
      </div>
      <div id="listOfSpecifications">
        <ul id="scenarios" class="spec-list">
        
          <a href="form_multiple_files.html">
            
              <li class="failed spec-name">
            
              <span id="scenarioName" class="scenarioname">Multiple File Upload Attempt</span>
              <span id="time" class="time">00:00:06</span>
            </li>
          </a>
          
        </ul>
      </div>
    </aside>
  

		
  
	
  <div id="specificationContainer" class="details">
    <header class="curr-spec">
      <div class="spec-head-wrapper">
        <h3 class="spec-head" title="C:\Users\gulce\OneDrive\Masaüstü\demoqa-form-test\specs\form_multiple_files.spec">Multiple File Upload Attempt</h3>
        <div class="hidden report_test-results" alt="Scenarios" title="Scenarios">
          <ul>
            <li class="fail"><span class="value">1</span><span class="txt">Failed</span></li>
            <li class="pass"><span class="value">0</span><span class="txt">Passed</span></li>
            <li class="skip"><span class="value">0</span><span class="txt">Skipped</span></li>
          </ul>
        </div>
      </div>
      <div class="spec-meta">
        <div class="spec-filename">
          <label for="specFileName">File Path</label>
          <input id="specFileName" value="C:\Users\gulce\OneDrive\Masaüstü\demoqa-form-test\specs\form_multiple_files.spec" readonly/>
          <button class="clipboard-btn" data-clipboard-target="#specFileName" title="Copy to Clipboard">
              <i class="fa fa-clipboard" aria-hidden="true" title="Copy to Clipboard"></i>
          </button>
        </div>
        <span class="time">00:00:06</span>
      </div>

	
  

	</header>
	<div id="specItemsContainer">
	
    
  

    
    
    

    <div class="content">
    
  
  <span></span>
  
  

  

      
        
	
  <div class="scenario-container failed">
    

	
  <div class="scenario-head">
    <h3 class="head borderBottom">Scenario: Attempt to upload multiple files</h3>
    
    <span class="time">00:00:06</span>

	
  

	</div>
  
  

  
  

  
	

  
  
    
  
    <span></span>
  

  
    
  
    
  
  <div class="step">
  
  
    <h5 class="execution-time">
      <span class="time">Execution Time : 00:00:05</span>
    </h5>
  
  <div class="step-info passed">
  
  <ul>
    <li class="step">
      <div class="step-txt">


  
  

  
  

  
  
  
  
  
    
      <span>
        Navigate to form page
      </span>
    
  
  </div>

  
    
    
  

    
    
  

  
  
  
  

  
  

  
	</li></ul></div></div>
  
    
  

  

  
    
  
    
  
  <div class="step">
  
  
    <h5 class="execution-time">
      <span class="time">Execution Time : 00:00:00</span>
    </h5>
  
  <div class="step-info passed">
  
  <ul>
    <li class="step">
      <div class="step-txt">


  
  

  
  

  
  
  
  
  
    
      <span>
        Enter first name 
      </span>
    
  
    
      <span class="parameter">"Gülce"</span>
    
  
  </div>

  
    
    
  

    
    
  

  
  
  
  

  
  

  
	</li></ul></div></div>
  
    
  

  

  
    
  
    
  
  <div class="step">
  
  
    <h5 class="execution-time">
      <span class="time">Execution Time : 00:00:00</span>
    </h5>
  
  <div class="step-info passed">
  
  <ul>
    <li class="step">
      <div class="step-txt">


  
  

  
  

  
  
  
  
  
    
      <span>
        Enter last name 
      </span>
    
  
    
      <span class="parameter">"Yıldız"</span>
    
  
  </div>

  
    
    
  

    
    
  

  
  
  
  

  
  

  
	</li></ul></div></div>
  
    
  

  

  
    
  
    
  
  <div class="step">
  
  
    <h5 class="execution-time">
      <span class="time">Execution Time : 00:00:00</span>
    </h5>
  
  <div class="step-info passed">
  
  <ul>
    <li class="step">
      <div class="step-txt">


  
  

  
  

  
  
  
  
  
    
      <span>
        Enter email 
      </span>
    
  
    
      <span class="parameter">"gulce@test.com"</span>
    
  
  </div>

  
    
    
  

    
    
  

  
  
  
  

  
  

  
	</li></ul></div></div>
  
    
  

  

  
    
  
    
  
  <div class="step">
  
  
    <h5 class="execution-time">
      <span class="time">Execution Time : 00:00:00</span>
    </h5>
  
  <div class="step-info passed">
  
  <ul>
    <li class="step">
      <div class="step-txt">


  
  

  
  

  
  
  
  
  
    
      <span>
        Enter phone number 
      </span>
    
  
    
      <span class="parameter">"5551234567"</span>
    
  
  </div>

  
    
    
  

    
    
  

  
  
  
  

  
  

  
	</li></ul></div></div>
  
    
  

  

  
    
  
    
  
  <div class="step">
  
  
    <h5 class="execution-time">
      <span class="time">Execution Time : 00:00:00</span>
    </h5>
  
  <div class="step-info passed">
  
  <ul>
    <li class="step">
      <div class="step-txt">


  
  

  
  

  
  
  
  
  
    
      <span>
        Select gender 
      </span>
    
  
    
      <span class="parameter">"Female"</span>
    
  
  </div>

  
    
    
  

    
    
  

  
  
  
  

  
  

  
	</li></ul></div></div>
  
    
  

  

  
    
  
    
  
  <div class="step">
  
  
    <h5 class="execution-time">
      <span class="time">Execution Time : 00:00:00</span>
    </h5>
  
  <div class="step-info failed">
  
  <ul>
    <li class="step">
      <div class="step-txt">


  
  

  
  

  
  
  
  
  
    
      <span>
        Upload picture 
      </span>
    
  
    
      <span class="parameter">"src/test/resources/photo.jpeg, src/test/resources/image.jpeg"</span>
    
  
  </div>

  
    
        
  <div class="error-container failed">
    <div class="exception-container">
      <div class="exception">
        <h4 class="error-message">
          <pre>org.openqa.selenium.InvalidArgumentException: invalid argument: File not found : C:\Users\gulce\OneDrive\Masaüstü\demoqa-form-test\src\test\resources\photo.jpeg, src\test\resources\image.jpeg<br/>  (Session info: chrome=138.0.7204.101)<br/>Build info: version: &#39;4.21.0&#39;, revision: &#39;79ed462ef4&#39;<br/>System info: os.name: &#39;Windows 11&#39;, os.arch: &#39;amd64&#39;, os.version: &#39;10.0&#39;, java.version: &#39;24.0.1&#39;<br/>Driver info: org.openqa.selenium.chrome.ChromeDriver<br/>Command: [13aabbaaadb1f401a9dfe0bded44402e, sendKeysToElement {value=[Ljava.lang.CharSequence;@4bee23c0, id=f.38DF4428B90C59547543A552E03A1B04.d.317924F29D9CA1B68948D72F2BE25EF7.e.84}]<br/>Capabilities {acceptInsecureCerts: false, browserName: chrome, browserVersion: 138.0.7204.101, chrome: {chromedriverVersion: 138.0.7204.92 (f079b9bc781e..., userDataDir: C:\Users\gulce\AppData\Loca...}, fedcm:accounts: true, goog:chromeOptions: {debuggerAddress: localhost:59612}, networkConnectionEnabled: false, pageLoadStrategy: normal, platformName: windows, proxy: Proxy(), se:cdp: ws://localhost:59612/devtoo..., se:cdpVersion: 138.0.7204.101, setWindowRect: true, strictFileInteractability: false, timeouts: {implicit: 0, pageLoad: 300000, script: 30000}, unhandledPromptBehavior: dismiss and notify, webauthn:extension:credBlob: true, webauthn:extension:largeBlob: true, webauthn:extension:minPinLength: true, webauthn:extension:prf: true, webauthn:virtualAuthenticators: true}<br/>Element: [[ChromeDriver: chrome on windows (13aabbaaadb1f401a9dfe0bded44402e)] -&gt; id: uploadPicture]<br/>Session ID: 13aabbaaadb1f401a9dfe0bded44402e</pre>
        </h4>
        <pre class="stacktrace">org.openqa.selenium.InvalidArgumentException: invalid argument: File not found : C:\Users\gulce\OneDrive\Masaüstü\demoqa-form-test\src\test\resources\photo.jpeg, src\test\resources\image.jpeg<br/>  (Session info: chrome=138.0.7204.101)<br/>Build info: version: &#39;4.21.0&#39;, revision: &#39;79ed462ef4&#39;<br/>System info: os.name: &#39;Windows 11&#39;, os.arch: &#39;amd64&#39;, os.version: &#39;10.0&#39;, java.version: &#39;24.0.1&#39;<br/>Driver info: org.openqa.selenium.chrome.ChromeDriver<br/>Command: [13aabbaaadb1f401a9dfe0bded44402e, sendKeysToElement {value=[Ljava.lang.CharSequence;@4bee23c0, id=f.38DF4428B90C59547543A552E03A1B04.d.317924F29D9CA1B68948D72F2BE25EF7.e.84}]<br/>Capabilities {acceptInsecureCerts: false, browserName: chrome, browserVersion: 138.0.7204.101, chrome: {chromedriverVersion: 138.0.7204.92 (f079b9bc781e..., userDataDir: C:\Users\gulce\AppData\Loca...}, fedcm:accounts: true, goog:chromeOptions: {debuggerAddress: localhost:59612}, networkConnectionEnabled: false, pageLoadStrategy: normal, platformName: windows, proxy: Proxy(), se:cdp: ws://localhost:59612/devtoo..., se:cdpVersion: 138.0.7204.101, setWindowRect: true, strictFileInteractability: false, timeouts: {implicit: 0, pageLoad: 300000, script: 30000}, unhandledPromptBehavior: dismiss and notify, webauthn:extension:credBlob: true, webauthn:extension:largeBlob: true, webauthn:extension:minPinLength: true, webauthn:extension:prf: true, webauthn:virtualAuthenticators: true}<br/>Element: [[ChromeDriver: chrome on windows (13aabbaaadb1f401a9dfe0bded44402e)] -&gt; id: uploadPicture]<br/>Session ID: 13aabbaaadb1f401a9dfe0bded44402e<br/>	at java.base/jdk.internal.reflect.DirectConstructorHandleAccessor.newInstance(DirectConstructorHandleAccessor.java:62)<br/>	at java.base/java.lang.reflect.Constructor.newInstanceWithCaller(Constructor.java:499)<br/>	at java.base/java.lang.reflect.Constructor.newInstance(Constructor.java:483)<br/>	at org.openqa.selenium.remote.ErrorCodec.decode(ErrorCodec.java:167)<br/>	at org.openqa.selenium.remote.codec.w3c.W3CHttpResponseCodec.decode(W3CHttpResponseCodec.java:138)<br/>	at org.openqa.selenium.remote.codec.w3c.W3CHttpResponseCodec.decode(W3CHttpResponseCodec.java:50)<br/>	at org.openqa.selenium.remote.HttpCommandExecutor.execute(HttpCommandExecutor.java:190)<br/>	at org.openqa.selenium.remote.service.DriverCommandExecutor.invokeExecute(DriverCommandExecutor.java:216)<br/>	at org.openqa.selenium.remote.service.DriverCommandExecutor.execute(DriverCommandExecutor.java:174)<br/>	at org.openqa.selenium.remote.RemoteWebDriver.execute(RemoteWebDriver.java:518)<br/>	at org.openqa.selenium.remote.RemoteWebElement.execute(RemoteWebElement.java:223)<br/>	at org.openqa.selenium.remote.RemoteWebElement.sendKeys(RemoteWebElement.java:110)<br/>	at step_implementation.PracticeFormSteps.uploadPicture(PracticeFormSteps.java:74)<br/>	at java.base/jdk.internal.reflect.DirectMethodHandleAccessor.invoke(DirectMethodHandleAccessor.java:104)<br/>	at java.base/java.lang.reflect.Method.invoke(Method.java:565)<br/>	at com.thoughtworks.gauge.execution.MethodExecutor.execute(MethodExecutor.java:31)<br/>	at com.thoughtworks.gauge.execution.StepExecutionStage.executeStepMethod(StepExecutionStage.java:66)<br/>	at com.thoughtworks.gauge.execution.StepExecutionStage.executeStep(StepExecutionStage.java:59)<br/>	at com.thoughtworks.gauge.execution.StepExecutionStage.execute(StepExecutionStage.java:41)<br/>	at com.thoughtworks.gauge.execution.AbstractExecutionStage.executeNext(AbstractExecutionStage.java:14)<br/>	at com.thoughtworks.gauge.execution.HookExecutionStage.execute(HookExecutionStage.java:33)<br/>	at com.thoughtworks.gauge.execution.ExecutionPipeline.start(ExecutionPipeline.java:19)<br/>	at com.thoughtworks.gauge.processor.ExecuteStepProcessor.process(ExecuteStepProcessor.java:44)<br/>	at com.thoughtworks.gauge.RunnerServiceHandler.lambda$executeStep$7(RunnerServiceHandler.java:166)<br/>	at java.base/java.util.concurrent.ThreadPoolExecutor.runWorker(ThreadPoolExecutor.java:1095)<br/>	at java.base/java.util.concurrent.ThreadPoolExecutor$Worker.run(ThreadPoolExecutor.java:619)<br/>	at java.base/java.lang.Thread.run(Thread.java:1447)<br/></pre>
      </div>
      
         <div class="screenshot-container">
          <div class="screenshot">
            <a href="../images/screenshot-04caa8bd-1dad-47cb-ab19-66d1f284391a.png" rel="lightbox">
              <img src="../images/screenshot-04caa8bd-1dad-47cb-ab19-66d1f284391a.png" class="screenshot-thumbnail" />
            </a>
          </div>
        </div>
      
    </div>
  </div>

    
    
  

    
    
  

  
  
  
  

  
  

  
	</li></ul></div></div>
  
    
  

  

  
    
  
    
  
  <div class="step">
  
  
    <h5 class="execution-time">
      <span class="time">Execution Time : 00:00:00</span>
    </h5>
  
  <div class="step-info not-executed">
  
  <ul>
    <li class="step">
      <div class="step-txt">


  
  

  
  

  
  
  
  
  
    
      <span>
        Click submit button
      </span>
    
  
  </div>

  
    
    
  

    
    
  

  
  
  
  

  
  

  
	</li></ul></div></div>
  
    
  

  

  
    
  
    
  
  <div class="step">
  
  
    <h5 class="execution-time">
      <span class="time">Execution Time : 00:00:00</span>
    </h5>
  
  <div class="step-info not-executed">
  
  <ul>
    <li class="step">
      <div class="step-txt">


  
  

  
  

  
  
  
  
  
    
      <span>
        The submission should be successful
      </span>
    
  
  </div>

  
    
    
  

    
    
  

  
  
  
  

  
  

  
	</li></ul></div></div>
  
    
  

  

  
    
  
    
  
  <div class="step">
  
  
    <h5 class="execution-time">
      <span class="time">Execution Time : 00:00:00</span>
    </h5>
  
  <div class="step-info not-executed">
  
  <ul>
    <li class="step">
      <div class="step-txt">


  
  

  
  

  
  
  
  
  
    
      <span>
        Close the browser
      </span>
    
  
  </div>

  
    
    
  

    
    
  

  
  
  
  

  
  

  
	</li></ul></div></div>
  
    
  

  

  
  

  
  

  
  

  
	
	</div>

      

    </div>
    </div>

    
  

    
    
    
    </div>
  

		</div>
	

 	</div>
	</main>
	
  <footer class="footer">
    <div class="container">
      <p>Generated by Gauge HTML Report</p>
    </div>
  </footer>

	
    <script type="text/javascript">
      var loadingImage = "../images/loading.gif";
      var closeButton = "../images/close.gif";
    </script>
    <script src="../js/lightbox.js"></script>
    <script src="../js/jquery-3.1.0.min.js" type="text/javascript"></script>
    <script src="../js/auto-complete.min.js" type="text/javascript"></script>
    <script src="../js/clipboard.min.js" type="text/javascript"></script>
    <script src="../js/search_index.js" type="text/javascript"></script>
    <script src="../js/main.js" type="text/javascript"></script>
    </body>
  </html>

